Arguments: 
  C:\Program Files\nodejs\node.exe C:\Users\Fadaee\AppData\Roaming\npm\node_modules\yarn\bin\yarn.js

PATH: 
  C:\Program Files\Microsoft\jdk-11.0.18.10-hotspot\bin;C:\Windows\system32;C:\Windows;C:\Windows\System32\Wbem;C:\Windows\System32\WindowsPowerShell\v1.0\;C:\Windows\System32\OpenSSH\;C:\Program Files (x86)\NVIDIA Corporation\PhysX\Common;C:\Program Files\Git\cmd;C:\Program Files\Microsoft\jdk-11.0.18.10-hotspot\\bin;C:\apk;C:\Program Files\dotnet\;C:\Program Files\nodejs\;F:\m.Ranayei\platform-tools;C:\ProgramData\chocolatey\bin;;C:\Program Files\Docker\Docker\resources\bin;C:\Users\Fadaee\.console-ninja\.bin;C:\Users\Fadaee\AppData\Local\Programs\Python\Python310\Scripts\;C:\Users\Fadaee\AppData\Local\Programs\Python\Python310\;C:\Users\Fadaee\AppData\Local\Microsoft\WindowsApps;C:\Users\Fadaee\Downloads\Programs\Microsoft VS Code\bin;C:\Program Files\JetBrains\WebStorm 2022.2.3\bin;;C:\Users\Fadaee\.dotnet\tools;C:\Users\Fadaee\AppData\Roaming\npm;F:\m.Ranayei\platform-tools;

Yarn version: 
  1.22.19

Node version: 
  16.16.0

Platform: 
  win32 x64

Trace: 
  Error: read ECONNRESET
      at TLSWrap.onStreamRead (node:internal/stream_base_commons:217:20)

npm manifest: 
  {
    "scripts": {
      "start": "expo start",
      "android": "expo start --android",
      "ios": "expo start --ios",
      "web": "expo start --web"
    },
    "dependencies": {
      "axios": "^1.3.4",
      "expo": "^48.0.0",
      "expo-constants": "~14.2.1",
      "expo-font": "~11.1.1",
      "expo-linking": "~4.0.1",
      "expo-router": "^1.0.0-rc1",
      "expo-splash-screen": "~0.18.1",
      "expo-status-bar": "~1.4.4",
      "expo-updates": "~0.16.3",
      "react": "18.2.0",
      "react-dom": "18.2.0",
      "react-native": "0.71.3",
      "react-native-gesture-handler": "~2.9.0",
      "react-native-reanimated": "~2.14.4",
      "react-native-safe-area-context": "4.5.0",
      "react-native-screens": "~3.20.0",
      "react-native-web": "~0.18.11"
    },
    "devDependencies": {
      "@babel/core": "^7.20.0",
      "@babel/plugin-proposal-export-namespace-from": "^7.18.9",
      "react-native-dotenv": "^3.4.8"
    },
    "resolutions": {
      "metro": "^0.73.7",
      "metro-resolver": "^0.73.7"
    },
    "overrides": {
      "metro": "^0.73.7",
      "metro-resolver": "^0.73.7"
    },
    "name": "jobsift",
    "version": "1.0.0",
    "private": true,
    "main": "index.js"
  }

yarn manifest: 
  No manifest

Lockfile: 
  No lockfile
